<?xml version="1.0" encoding="UTF-8"?>
<!-- Generated by org.testng.reporters.JUnitXMLReporter -->
<testsuite ignored="0" hostname="Jatin-Mezash-LPT" failures="0" tests="18" name="Default test" time="109.139" errors="0" timestamp="2024-11-07T15:41:20 IST">
  <testcase classname="Amity.Online2.Module2_FunctionalTesting" name="MasterofComputerApplications" time="3.753"/>
  <testcase classname="Amity.Online2.Module2_FunctionalTesting" name="MCAwithspecializationinBlockchain" time="3.825"/>
  <testcase classname="Amity.Online2.Module2_FunctionalTesting" name="MCAwithspecializationinMLandAl" time="5.18"/>
  <testcase classname="Amity.Online2.Module2_FunctionalTesting" name="MCAwithspecializationinMachineLearning" time="3.714"/>
  <testcase classname="Amity.Online2.Module2_FunctionalTesting" name="MCAwithspecializationinARandVR" time="3.715"/>
  <testcase classname="Amity.Online2.Module2_FunctionalTesting" name="MasterofBusinessAdministration" time="3.711"/>
  <testcase classname="Amity.Online2.Module2_FunctionalTesting" name="MBAwithspecializationinDigitalMarketingManagement" time="3.794"/>
  <testcase classname="Amity.Online2.Module2_FunctionalTesting" name="MBAwithspecializationinHRAnalytics" time="4.368"/>
  <testcase classname="Amity.Online2.Module2_FunctionalTesting" name="MBAwithspecializationinDataScience" time="3.769"/>
  <testcase classname="Amity.Online2.Module2_FunctionalTesting" name="MBAwithspecializationinBusinessAnalytics" time="3.773"/>
  <testcase classname="Amity.Online2.Module2_FunctionalTesting" name="MBAwithspecializationinDigitalEntrepreneurship" time="3.942"/>
  <testcase classname="Amity.Online2.Module2_FunctionalTesting" name="MasterofArtsJournalismandMasscommunication" time="3.875"/>
  <testcase classname="Amity.Online2.Module2_FunctionalTesting" name="MComwithspecializationinFintech" time="4.626"/>
  <testcase classname="Amity.Online2.Module2_FunctionalTesting" name="MComwithspecializationinFinancialManagement" time="3.75"/>
  <testcase classname="Amity.Online2.Module2_FunctionalTesting" name="MasterofArtsinPublicPolicyandGovernance" time="3.762"/>
  <testcase classname="Amity.Online2.Module2_FunctionalTesting" name="MasterofArtsinPsychology" time="3.865"/>
  <testcase classname="Amity.Online2.Module2_FunctionalTesting" name="MasterofScienceinDataScience" time="4.035"/>
  <testcase classname="Amity.Online2.Module2_FunctionalTesting" name="PrintprogramsList" time="6.602"/>
</testsuite> <!-- Default test -->
