<?xml version="1.0" encoding="UTF-8"?>
<!-- Generated by org.testng.reporters.JUnitXMLReporter -->
<testsuite ignored="0" hostname="Jatin-Mezash-LPT" failures="0" tests="32" name="Default test" time="358.273" errors="0" timestamp="2024-10-15T00:52:06 IST">
  <testcase classname="Amity.Online2.Module2_FunctionalTesting" name="BachelorofComputerApplications" time="5.238"/>
  <testcase classname="Amity.Online2.Module2_FunctionalTesting" name="BCAwithspecializationinCloudandSecurity" time="7.293"/>
  <testcase classname="Amity.Online2.Module2_FunctionalTesting" name="BCAwithspecializationinDataAnalytics" time="7.411"/>
  <testcase classname="Amity.Online2.Module2_FunctionalTesting" name="BachelorofBusinessAdministration" time="5.449"/>
  <testcase classname="Amity.Online2.Module2_FunctionalTesting" name="BachelorofArtsJournalismandMasscommunication" time="8.31"/>
  <testcase classname="Amity.Online2.Module2_FunctionalTesting" name="BachelorofCommerce" time="9.077"/>
  <testcase classname="Amity.Online2.Module2_FunctionalTesting" name="BachelorofArts" time="5.646"/>
  <testcase classname="Amity.Online2.Module2_FunctionalTesting" name="BachelorofArtKannadaMedium" time="7.397"/>
  <testcase classname="Amity.Online2.Module2_FunctionalTesting" name="BachelorofArtsMalayalamMedium" time="6.482"/>
  <testcase classname="Amity.Online2.Module2_FunctionalTesting" name="BachelorofArtsTamilMedium" time="7.789"/>
  <testcase classname="Amity.Online2.Module2_FunctionalTesting" name="BachelorofArtsTeluguMedium" time="7.367"/>
  <testcase classname="Amity.Online2.Module2_FunctionalTesting" name="BachelorofArtsHindiMedium" time="6.482"/>
  <testcase classname="Amity.Online2.Module2_FunctionalTesting" name="BComwithSpecializationinInternationalFinanceandAccounting" time="7.297"/>
  <testcase classname="Amity.Online2.Module2_FunctionalTesting" name="BachelorOfCommerceHonours" time="8.434"/>
  <testcase classname="Amity.Online2.Module2_FunctionalTesting" name="MasterofComputerApplications" time="5.449"/>
  <testcase classname="Amity.Online2.Module2_FunctionalTesting" name="MCAwithspecializationinBlockchain" time="7.79"/>
  <testcase classname="Amity.Online2.Module2_FunctionalTesting" name="MCAwithspecializationinMLandAl" time="5.388"/>
  <testcase classname="Amity.Online2.Module2_FunctionalTesting" name="MCAwithspecializationinMachineLearning" time="3.796"/>
  <testcase classname="Amity.Online2.Module2_FunctionalTesting" name="MCAwithspecializationinARandVR" time="5.953"/>
  <testcase classname="Amity.Online2.Module2_FunctionalTesting" name="MasterofBusinessAdministration" time="4.823"/>
  <testcase classname="Amity.Online2.Module2_FunctionalTesting" name="MBAwithspecializationinDigitalMarketingManagement" time="5.287"/>
  <testcase classname="Amity.Online2.Module2_FunctionalTesting" name="MBAwithspecializationinHRAnalytics" time="7.251"/>
  <testcase classname="Amity.Online2.Module2_FunctionalTesting" name="MBAwithspecializationinDataScience" time="7.287"/>
  <testcase classname="Amity.Online2.Module2_FunctionalTesting" name="MBAwithspecializationinBusinessAnalytics" time="4.523"/>
  <testcase classname="Amity.Online2.Module2_FunctionalTesting" name="MBAwithspecializationinDigitalEntrepreneurship" time="7.12"/>
  <testcase classname="Amity.Online2.Module2_FunctionalTesting" name="MasterofArtsJournalismandMasscommunication" time="5.433"/>
  <testcase classname="Amity.Online2.Module2_FunctionalTesting" name="MComwithspecializationinFintech" time="6.869"/>
  <testcase classname="Amity.Online2.Module2_FunctionalTesting" name="MComwithspecializationinFinancialManagement" time="7.997"/>
  <testcase classname="Amity.Online2.Module2_FunctionalTesting" name="MasterofArtsinPublicPolicyandGovernance" time="5.352"/>
  <testcase classname="Amity.Online2.Module2_FunctionalTesting" name="MasterofArtsinPsychology" time="5.362"/>
  <testcase classname="Amity.Online2.Module2_FunctionalTesting" name="MasterofScienceinDataScience" time="8.56"/>
  <testcase classname="Amity.Online2.Module2_FunctionalTesting" name="PrintprogramsList" time="6.53"/>
</testsuite> <!-- Default test -->
