<?xml version="1.0" encoding="UTF-8"?>
<testng-results ignored="0" total="32" passed="32" failed="0" skipped="0">
  <reporter-output>
  </reporter-output>
  <suite started-at="2024-10-15T00:46:08 IST" name="Default suite" finished-at="2024-10-15T00:52:06 IST" duration-ms="358273">
    <groups>
    </groups>
    <test started-at="2024-10-15T00:46:08 IST" name="Default test" finished-at="2024-10-15T00:52:06 IST" duration-ms="358273">
      <class name="Amity.Online2.Module2_FunctionalTesting">
        <test-method is-config="true" signature="GenerateReport()[pri:0, instance:Amity.Online2.Module2_FunctionalTesting@7bbc8656]" started-at="2024-10-15T00:46:08 IST" name="GenerateReport" finished-at="2024-10-15T00:46:08 IST" duration-ms="225" status="PASS">
          <reporter-output>
          </reporter-output>
        </test-method> <!-- GenerateReport -->
        <test-method is-config="true" signature="LaunchBrowser()[pri:0, instance:Amity.Online2.Module2_FunctionalTesting@7bbc8656]" started-at="2024-10-15T00:46:08 IST" name="LaunchBrowser" finished-at="2024-10-15T00:46:15 IST" duration-ms="6768" status="PASS">
          <reporter-output>
          </reporter-output>
        </test-method> <!-- LaunchBrowser -->
        <test-method signature="BachelorofComputerApplications()[pri:1, instance:Amity.Online2.Module2_FunctionalTesting@7bbc8656]" started-at="2024-10-15T00:46:15 IST" name="BachelorofComputerApplications" finished-at="2024-10-15T00:46:20 IST" duration-ms="5238" status="PASS">
          <reporter-output>
          </reporter-output>
        </test-method> <!-- BachelorofComputerApplications -->
        <test-method is-config="true" signature="CloseBrowser(org.testng.ITestResult)[pri:0, instance:Amity.Online2.Module2_FunctionalTesting@7bbc8656]" started-at="2024-10-15T00:46:20 IST" name="CloseBrowser" finished-at="2024-10-15T00:46:20 IST" duration-ms="225" status="PASS">
          <params>
            <param index="0">
              <value>
                <![CDATA[[TestResult name=BachelorofComputerApplications status=SUCCESS method=Module2_FunctionalTesting.BachelorofComputerApplications()[pri:1, instance:Amity.Online2.Module2_FunctionalTesting@7bbc8656] output={null}]]]>
              </value>
            </param>
          </params>
          <reporter-output>
          </reporter-output>
        </test-method> <!-- CloseBrowser -->
        <test-method is-config="true" signature="LaunchBrowser()[pri:0, instance:Amity.Online2.Module2_FunctionalTesting@7bbc8656]" started-at="2024-10-15T00:46:20 IST" name="LaunchBrowser" finished-at="2024-10-15T00:46:23 IST" duration-ms="2396" status="PASS">
          <reporter-output>
          </reporter-output>
        </test-method> <!-- LaunchBrowser -->
        <test-method signature="BCAwithspecializationinCloudandSecurity()[pri:2, instance:Amity.Online2.Module2_FunctionalTesting@7bbc8656]" started-at="2024-10-15T00:46:23 IST" name="BCAwithspecializationinCloudandSecurity" finished-at="2024-10-15T00:46:30 IST" duration-ms="7293" status="PASS">
          <reporter-output>
          </reporter-output>
        </test-method> <!-- BCAwithspecializationinCloudandSecurity -->
        <test-method is-config="true" signature="CloseBrowser(org.testng.ITestResult)[pri:0, instance:Amity.Online2.Module2_FunctionalTesting@7bbc8656]" started-at="2024-10-15T00:46:30 IST" name="CloseBrowser" finished-at="2024-10-15T00:46:30 IST" duration-ms="226" status="PASS">
          <params>
            <param index="0">
              <value>
                <![CDATA[[TestResult name=BCAwithspecializationinCloudandSecurity status=SUCCESS method=Module2_FunctionalTesting.BCAwithspecializationinCloudandSecurity()[pri:2, instance:Amity.Online2.Module2_FunctionalTesting@7bbc8656] output={null}]]]>
              </value>
            </param>
          </params>
          <reporter-output>
          </reporter-output>
        </test-method> <!-- CloseBrowser -->
        <test-method is-config="true" signature="LaunchBrowser()[pri:0, instance:Amity.Online2.Module2_FunctionalTesting@7bbc8656]" started-at="2024-10-15T00:46:30 IST" name="LaunchBrowser" finished-at="2024-10-15T00:46:32 IST" duration-ms="2250" status="PASS">
          <reporter-output>
          </reporter-output>
        </test-method> <!-- LaunchBrowser -->
        <test-method signature="BCAwithspecializationinDataAnalytics()[pri:3, instance:Amity.Online2.Module2_FunctionalTesting@7bbc8656]" started-at="2024-10-15T00:46:32 IST" name="BCAwithspecializationinDataAnalytics" finished-at="2024-10-15T00:46:40 IST" duration-ms="7411" status="PASS">
          <reporter-output>
          </reporter-output>
        </test-method> <!-- BCAwithspecializationinDataAnalytics -->
        <test-method is-config="true" signature="CloseBrowser(org.testng.ITestResult)[pri:0, instance:Amity.Online2.Module2_FunctionalTesting@7bbc8656]" started-at="2024-10-15T00:46:40 IST" name="CloseBrowser" finished-at="2024-10-15T00:46:40 IST" duration-ms="395" status="PASS">
          <params>
            <param index="0">
              <value>
                <![CDATA[[TestResult name=BCAwithspecializationinDataAnalytics status=SUCCESS method=Module2_FunctionalTesting.BCAwithspecializationinDataAnalytics()[pri:3, instance:Amity.Online2.Module2_FunctionalTesting@7bbc8656] output={null}]]]>
              </value>
            </param>
          </params>
          <reporter-output>
          </reporter-output>
        </test-method> <!-- CloseBrowser -->
        <test-method is-config="true" signature="LaunchBrowser()[pri:0, instance:Amity.Online2.Module2_FunctionalTesting@7bbc8656]" started-at="2024-10-15T00:46:40 IST" name="LaunchBrowser" finished-at="2024-10-15T00:46:47 IST" duration-ms="6337" status="PASS">
          <reporter-output>
          </reporter-output>
        </test-method> <!-- LaunchBrowser -->
        <test-method signature="BachelorofBusinessAdministration()[pri:4, instance:Amity.Online2.Module2_FunctionalTesting@7bbc8656]" started-at="2024-10-15T00:46:47 IST" name="BachelorofBusinessAdministration" finished-at="2024-10-15T00:46:52 IST" duration-ms="5449" status="PASS">
          <reporter-output>
          </reporter-output>
        </test-method> <!-- BachelorofBusinessAdministration -->
        <test-method is-config="true" signature="CloseBrowser(org.testng.ITestResult)[pri:0, instance:Amity.Online2.Module2_FunctionalTesting@7bbc8656]" started-at="2024-10-15T00:46:52 IST" name="CloseBrowser" finished-at="2024-10-15T00:46:52 IST" duration-ms="256" status="PASS">
          <params>
            <param index="0">
              <value>
                <![CDATA[[TestResult name=BachelorofBusinessAdministration status=SUCCESS method=Module2_FunctionalTesting.BachelorofBusinessAdministration()[pri:4, instance:Amity.Online2.Module2_FunctionalTesting@7bbc8656] output={null}]]]>
              </value>
            </param>
          </params>
          <reporter-output>
          </reporter-output>
        </test-method> <!-- CloseBrowser -->
        <test-method is-config="true" signature="LaunchBrowser()[pri:0, instance:Amity.Online2.Module2_FunctionalTesting@7bbc8656]" started-at="2024-10-15T00:46:52 IST" name="LaunchBrowser" finished-at="2024-10-15T00:46:54 IST" duration-ms="2053" status="PASS">
          <reporter-output>
          </reporter-output>
        </test-method> <!-- LaunchBrowser -->
        <test-method signature="BachelorofArtsJournalismandMasscommunication()[pri:5, instance:Amity.Online2.Module2_FunctionalTesting@7bbc8656]" started-at="2024-10-15T00:46:54 IST" name="BachelorofArtsJournalismandMasscommunication" finished-at="2024-10-15T00:47:03 IST" duration-ms="8310" status="PASS">
          <reporter-output>
          </reporter-output>
        </test-method> <!-- BachelorofArtsJournalismandMasscommunication -->
        <test-method is-config="true" signature="CloseBrowser(org.testng.ITestResult)[pri:0, instance:Amity.Online2.Module2_FunctionalTesting@7bbc8656]" started-at="2024-10-15T00:47:03 IST" name="CloseBrowser" finished-at="2024-10-15T00:47:03 IST" duration-ms="254" status="PASS">
          <params>
            <param index="0">
              <value>
                <![CDATA[[TestResult name=BachelorofArtsJournalismandMasscommunication status=SUCCESS method=Module2_FunctionalTesting.BachelorofArtsJournalismandMasscommunication()[pri:5, instance:Amity.Online2.Module2_FunctionalTesting@7bbc8656] output={null}]]]>
              </value>
            </param>
          </params>
          <reporter-output>
          </reporter-output>
        </test-method> <!-- CloseBrowser -->
        <test-method is-config="true" signature="LaunchBrowser()[pri:0, instance:Amity.Online2.Module2_FunctionalTesting@7bbc8656]" started-at="2024-10-15T00:47:03 IST" name="LaunchBrowser" finished-at="2024-10-15T00:47:05 IST" duration-ms="1912" status="PASS">
          <reporter-output>
          </reporter-output>
        </test-method> <!-- LaunchBrowser -->
        <test-method signature="BachelorofCommerce()[pri:6, instance:Amity.Online2.Module2_FunctionalTesting@7bbc8656]" started-at="2024-10-15T00:47:05 IST" name="BachelorofCommerce" finished-at="2024-10-15T00:47:14 IST" duration-ms="9077" status="PASS">
          <reporter-output>
          </reporter-output>
        </test-method> <!-- BachelorofCommerce -->
        <test-method is-config="true" signature="CloseBrowser(org.testng.ITestResult)[pri:0, instance:Amity.Online2.Module2_FunctionalTesting@7bbc8656]" started-at="2024-10-15T00:47:14 IST" name="CloseBrowser" finished-at="2024-10-15T00:47:14 IST" duration-ms="219" status="PASS">
          <params>
            <param index="0">
              <value>
                <![CDATA[[TestResult name=BachelorofCommerce status=SUCCESS method=Module2_FunctionalTesting.BachelorofCommerce()[pri:6, instance:Amity.Online2.Module2_FunctionalTesting@7bbc8656] output={null}]]]>
              </value>
            </param>
          </params>
          <reporter-output>
          </reporter-output>
        </test-method> <!-- CloseBrowser -->
        <test-method is-config="true" signature="LaunchBrowser()[pri:0, instance:Amity.Online2.Module2_FunctionalTesting@7bbc8656]" started-at="2024-10-15T00:47:14 IST" name="LaunchBrowser" finished-at="2024-10-15T00:47:21 IST" duration-ms="6584" status="PASS">
          <reporter-output>
          </reporter-output>
        </test-method> <!-- LaunchBrowser -->
        <test-method signature="BachelorofArts()[pri:7, instance:Amity.Online2.Module2_FunctionalTesting@7bbc8656]" started-at="2024-10-15T00:47:21 IST" name="BachelorofArts" finished-at="2024-10-15T00:47:26 IST" duration-ms="5646" status="PASS">
          <reporter-output>
          </reporter-output>
        </test-method> <!-- BachelorofArts -->
        <test-method is-config="true" signature="CloseBrowser(org.testng.ITestResult)[pri:0, instance:Amity.Online2.Module2_FunctionalTesting@7bbc8656]" started-at="2024-10-15T00:47:26 IST" name="CloseBrowser" finished-at="2024-10-15T00:47:27 IST" duration-ms="321" status="PASS">
          <params>
            <param index="0">
              <value>
                <![CDATA[[TestResult name=BachelorofArts status=SUCCESS method=Module2_FunctionalTesting.BachelorofArts()[pri:7, instance:Amity.Online2.Module2_FunctionalTesting@7bbc8656] output={null}]]]>
              </value>
            </param>
          </params>
          <reporter-output>
          </reporter-output>
        </test-method> <!-- CloseBrowser -->
        <test-method is-config="true" signature="LaunchBrowser()[pri:0, instance:Amity.Online2.Module2_FunctionalTesting@7bbc8656]" started-at="2024-10-15T00:47:27 IST" name="LaunchBrowser" finished-at="2024-10-15T00:47:33 IST" duration-ms="6573" status="PASS">
          <reporter-output>
          </reporter-output>
        </test-method> <!-- LaunchBrowser -->
        <test-method signature="BachelorofArtKannadaMedium()[pri:8, instance:Amity.Online2.Module2_FunctionalTesting@7bbc8656]" started-at="2024-10-15T00:47:33 IST" name="BachelorofArtKannadaMedium" finished-at="2024-10-15T00:47:41 IST" duration-ms="7397" status="PASS">
          <reporter-output>
          </reporter-output>
        </test-method> <!-- BachelorofArtKannadaMedium -->
        <test-method is-config="true" signature="CloseBrowser(org.testng.ITestResult)[pri:0, instance:Amity.Online2.Module2_FunctionalTesting@7bbc8656]" started-at="2024-10-15T00:47:41 IST" name="CloseBrowser" finished-at="2024-10-15T00:47:41 IST" duration-ms="273" status="PASS">
          <params>
            <param index="0">
              <value>
                <![CDATA[[TestResult name=BachelorofArtKannadaMedium status=SUCCESS method=Module2_FunctionalTesting.BachelorofArtKannadaMedium()[pri:8, instance:Amity.Online2.Module2_FunctionalTesting@7bbc8656] output={null}]]]>
              </value>
            </param>
          </params>
          <reporter-output>
          </reporter-output>
        </test-method> <!-- CloseBrowser -->
        <test-method is-config="true" signature="LaunchBrowser()[pri:0, instance:Amity.Online2.Module2_FunctionalTesting@7bbc8656]" started-at="2024-10-15T00:47:41 IST" name="LaunchBrowser" finished-at="2024-10-15T00:47:43 IST" duration-ms="2136" status="PASS">
          <reporter-output>
          </reporter-output>
        </test-method> <!-- LaunchBrowser -->
        <test-method signature="BachelorofArtsMalayalamMedium()[pri:9, instance:Amity.Online2.Module2_FunctionalTesting@7bbc8656]" started-at="2024-10-15T00:47:43 IST" name="BachelorofArtsMalayalamMedium" finished-at="2024-10-15T00:47:50 IST" duration-ms="6482" status="PASS">
          <reporter-output>
          </reporter-output>
        </test-method> <!-- BachelorofArtsMalayalamMedium -->
        <test-method is-config="true" signature="CloseBrowser(org.testng.ITestResult)[pri:0, instance:Amity.Online2.Module2_FunctionalTesting@7bbc8656]" started-at="2024-10-15T00:47:50 IST" name="CloseBrowser" finished-at="2024-10-15T00:47:50 IST" duration-ms="241" status="PASS">
          <params>
            <param index="0">
              <value>
                <![CDATA[[TestResult name=BachelorofArtsMalayalamMedium status=SUCCESS method=Module2_FunctionalTesting.BachelorofArtsMalayalamMedium()[pri:9, instance:Amity.Online2.Module2_FunctionalTesting@7bbc8656] output={null}]]]>
              </value>
            </param>
          </params>
          <reporter-output>
          </reporter-output>
        </test-method> <!-- CloseBrowser -->
        <test-method is-config="true" signature="LaunchBrowser()[pri:0, instance:Amity.Online2.Module2_FunctionalTesting@7bbc8656]" started-at="2024-10-15T00:47:50 IST" name="LaunchBrowser" finished-at="2024-10-15T00:47:52 IST" duration-ms="2108" status="PASS">
          <reporter-output>
          </reporter-output>
        </test-method> <!-- LaunchBrowser -->
        <test-method signature="BachelorofArtsTamilMedium()[pri:10, instance:Amity.Online2.Module2_FunctionalTesting@7bbc8656]" started-at="2024-10-15T00:47:52 IST" name="BachelorofArtsTamilMedium" finished-at="2024-10-15T00:48:00 IST" duration-ms="7789" status="PASS">
          <reporter-output>
          </reporter-output>
        </test-method> <!-- BachelorofArtsTamilMedium -->
        <test-method is-config="true" signature="CloseBrowser(org.testng.ITestResult)[pri:0, instance:Amity.Online2.Module2_FunctionalTesting@7bbc8656]" started-at="2024-10-15T00:48:00 IST" name="CloseBrowser" finished-at="2024-10-15T00:48:00 IST" duration-ms="424" status="PASS">
          <params>
            <param index="0">
              <value>
                <![CDATA[[TestResult name=BachelorofArtsTamilMedium status=SUCCESS method=Module2_FunctionalTesting.BachelorofArtsTamilMedium()[pri:10, instance:Amity.Online2.Module2_FunctionalTesting@7bbc8656] output={null}]]]>
              </value>
            </param>
          </params>
          <reporter-output>
          </reporter-output>
        </test-method> <!-- CloseBrowser -->
        <test-method is-config="true" signature="LaunchBrowser()[pri:0, instance:Amity.Online2.Module2_FunctionalTesting@7bbc8656]" started-at="2024-10-15T00:48:00 IST" name="LaunchBrowser" finished-at="2024-10-15T00:48:02 IST" duration-ms="1951" status="PASS">
          <reporter-output>
          </reporter-output>
        </test-method> <!-- LaunchBrowser -->
        <test-method signature="BachelorofArtsTeluguMedium()[pri:11, instance:Amity.Online2.Module2_FunctionalTesting@7bbc8656]" started-at="2024-10-15T00:48:02 IST" name="BachelorofArtsTeluguMedium" finished-at="2024-10-15T00:48:09 IST" duration-ms="7367" status="PASS">
          <reporter-output>
          </reporter-output>
        </test-method> <!-- BachelorofArtsTeluguMedium -->
        <test-method is-config="true" signature="CloseBrowser(org.testng.ITestResult)[pri:0, instance:Amity.Online2.Module2_FunctionalTesting@7bbc8656]" started-at="2024-10-15T00:48:09 IST" name="CloseBrowser" finished-at="2024-10-15T00:48:10 IST" duration-ms="292" status="PASS">
          <params>
            <param index="0">
              <value>
                <![CDATA[[TestResult name=BachelorofArtsTeluguMedium status=SUCCESS method=Module2_FunctionalTesting.BachelorofArtsTeluguMedium()[pri:11, instance:Amity.Online2.Module2_FunctionalTesting@7bbc8656] output={null}]]]>
              </value>
            </param>
          </params>
          <reporter-output>
          </reporter-output>
        </test-method> <!-- CloseBrowser -->
        <test-method is-config="true" signature="LaunchBrowser()[pri:0, instance:Amity.Online2.Module2_FunctionalTesting@7bbc8656]" started-at="2024-10-15T00:48:10 IST" name="LaunchBrowser" finished-at="2024-10-15T00:48:12 IST" duration-ms="2358" status="PASS">
          <reporter-output>
          </reporter-output>
        </test-method> <!-- LaunchBrowser -->
        <test-method signature="BachelorofArtsHindiMedium()[pri:12, instance:Amity.Online2.Module2_FunctionalTesting@7bbc8656]" started-at="2024-10-15T00:48:12 IST" name="BachelorofArtsHindiMedium" finished-at="2024-10-15T00:48:19 IST" duration-ms="6482" status="PASS">
          <reporter-output>
          </reporter-output>
        </test-method> <!-- BachelorofArtsHindiMedium -->
        <test-method is-config="true" signature="CloseBrowser(org.testng.ITestResult)[pri:0, instance:Amity.Online2.Module2_FunctionalTesting@7bbc8656]" started-at="2024-10-15T00:48:19 IST" name="CloseBrowser" finished-at="2024-10-15T00:48:19 IST" duration-ms="244" status="PASS">
          <params>
            <param index="0">
              <value>
                <![CDATA[[TestResult name=BachelorofArtsHindiMedium status=SUCCESS method=Module2_FunctionalTesting.BachelorofArtsHindiMedium()[pri:12, instance:Amity.Online2.Module2_FunctionalTesting@7bbc8656] output={null}]]]>
              </value>
            </param>
          </params>
          <reporter-output>
          </reporter-output>
        </test-method> <!-- CloseBrowser -->
        <test-method is-config="true" signature="LaunchBrowser()[pri:0, instance:Amity.Online2.Module2_FunctionalTesting@7bbc8656]" started-at="2024-10-15T00:48:19 IST" name="LaunchBrowser" finished-at="2024-10-15T00:48:25 IST" duration-ms="6370" status="PASS">
          <reporter-output>
          </reporter-output>
        </test-method> <!-- LaunchBrowser -->
        <test-method signature="BComwithSpecializationinInternationalFinanceandAccounting()[pri:13, instance:Amity.Online2.Module2_FunctionalTesting@7bbc8656]" started-at="2024-10-15T00:48:25 IST" name="BComwithSpecializationinInternationalFinanceandAccounting" finished-at="2024-10-15T00:48:33 IST" duration-ms="7297" status="PASS">
          <reporter-output>
          </reporter-output>
        </test-method> <!-- BComwithSpecializationinInternationalFinanceandAccounting -->
        <test-method is-config="true" signature="CloseBrowser(org.testng.ITestResult)[pri:0, instance:Amity.Online2.Module2_FunctionalTesting@7bbc8656]" started-at="2024-10-15T00:48:33 IST" name="CloseBrowser" finished-at="2024-10-15T00:48:33 IST" duration-ms="243" status="PASS">
          <params>
            <param index="0">
              <value>
                <![CDATA[[TestResult name=BComwithSpecializationinInternationalFinanceandAccounting status=SUCCESS method=Module2_FunctionalTesting.BComwithSpecializationinInternationalFinanceandAccounting()[pri:13, instance:Amity.Online2.Module2_FunctionalTesting@7bbc8656] output={null}]]]>
              </value>
            </param>
          </params>
          <reporter-output>
          </reporter-output>
        </test-method> <!-- CloseBrowser -->
        <test-method is-config="true" signature="LaunchBrowser()[pri:0, instance:Amity.Online2.Module2_FunctionalTesting@7bbc8656]" started-at="2024-10-15T00:48:33 IST" name="LaunchBrowser" finished-at="2024-10-15T00:48:35 IST" duration-ms="2283" status="PASS">
          <reporter-output>
          </reporter-output>
        </test-method> <!-- LaunchBrowser -->
        <test-method signature="BachelorOfCommerceHonours()[pri:14, instance:Amity.Online2.Module2_FunctionalTesting@7bbc8656]" started-at="2024-10-15T00:48:35 IST" name="BachelorOfCommerceHonours" finished-at="2024-10-15T00:48:43 IST" duration-ms="8434" status="PASS">
          <reporter-output>
          </reporter-output>
        </test-method> <!-- BachelorOfCommerceHonours -->
        <test-method is-config="true" signature="CloseBrowser(org.testng.ITestResult)[pri:0, instance:Amity.Online2.Module2_FunctionalTesting@7bbc8656]" started-at="2024-10-15T00:48:43 IST" name="CloseBrowser" finished-at="2024-10-15T00:48:44 IST" duration-ms="240" status="PASS">
          <params>
            <param index="0">
              <value>
                <![CDATA[[TestResult name=BachelorOfCommerceHonours status=SUCCESS method=Module2_FunctionalTesting.BachelorOfCommerceHonours()[pri:14, instance:Amity.Online2.Module2_FunctionalTesting@7bbc8656] output={null}]]]>
              </value>
            </param>
          </params>
          <reporter-output>
          </reporter-output>
        </test-method> <!-- CloseBrowser -->
        <test-method is-config="true" signature="LaunchBrowser()[pri:0, instance:Amity.Online2.Module2_FunctionalTesting@7bbc8656]" started-at="2024-10-15T00:48:44 IST" name="LaunchBrowser" finished-at="2024-10-15T00:48:50 IST" duration-ms="6671" status="PASS">
          <reporter-output>
          </reporter-output>
        </test-method> <!-- LaunchBrowser -->
        <test-method signature="MasterofComputerApplications()[pri:15, instance:Amity.Online2.Module2_FunctionalTesting@7bbc8656]" started-at="2024-10-15T00:48:50 IST" name="MasterofComputerApplications" finished-at="2024-10-15T00:48:56 IST" duration-ms="5449" status="PASS">
          <reporter-output>
          </reporter-output>
        </test-method> <!-- MasterofComputerApplications -->
        <test-method is-config="true" signature="CloseBrowser(org.testng.ITestResult)[pri:0, instance:Amity.Online2.Module2_FunctionalTesting@7bbc8656]" started-at="2024-10-15T00:48:56 IST" name="CloseBrowser" finished-at="2024-10-15T00:48:56 IST" duration-ms="253" status="PASS">
          <params>
            <param index="0">
              <value>
                <![CDATA[[TestResult name=MasterofComputerApplications status=SUCCESS method=Module2_FunctionalTesting.MasterofComputerApplications()[pri:15, instance:Amity.Online2.Module2_FunctionalTesting@7bbc8656] output={null}]]]>
              </value>
            </param>
          </params>
          <reporter-output>
          </reporter-output>
        </test-method> <!-- CloseBrowser -->
        <test-method is-config="true" signature="LaunchBrowser()[pri:0, instance:Amity.Online2.Module2_FunctionalTesting@7bbc8656]" started-at="2024-10-15T00:48:56 IST" name="LaunchBrowser" finished-at="2024-10-15T00:48:58 IST" duration-ms="2133" status="PASS">
          <reporter-output>
          </reporter-output>
        </test-method> <!-- LaunchBrowser -->
        <test-method signature="MCAwithspecializationinBlockchain()[pri:16, instance:Amity.Online2.Module2_FunctionalTesting@7bbc8656]" started-at="2024-10-15T00:48:58 IST" name="MCAwithspecializationinBlockchain" finished-at="2024-10-15T00:49:06 IST" duration-ms="7790" status="PASS">
          <reporter-output>
          </reporter-output>
        </test-method> <!-- MCAwithspecializationinBlockchain -->
        <test-method is-config="true" signature="CloseBrowser(org.testng.ITestResult)[pri:0, instance:Amity.Online2.Module2_FunctionalTesting@7bbc8656]" started-at="2024-10-15T00:49:06 IST" name="CloseBrowser" finished-at="2024-10-15T00:49:06 IST" duration-ms="238" status="PASS">
          <params>
            <param index="0">
              <value>
                <![CDATA[[TestResult name=MCAwithspecializationinBlockchain status=SUCCESS method=Module2_FunctionalTesting.MCAwithspecializationinBlockchain()[pri:16, instance:Amity.Online2.Module2_FunctionalTesting@7bbc8656] output={null}]]]>
              </value>
            </param>
          </params>
          <reporter-output>
          </reporter-output>
        </test-method> <!-- CloseBrowser -->
        <test-method is-config="true" signature="LaunchBrowser()[pri:0, instance:Amity.Online2.Module2_FunctionalTesting@7bbc8656]" started-at="2024-10-15T00:49:06 IST" name="LaunchBrowser" finished-at="2024-10-15T00:49:15 IST" duration-ms="8246" status="PASS">
          <reporter-output>
          </reporter-output>
        </test-method> <!-- LaunchBrowser -->
        <test-method signature="MCAwithspecializationinMLandAl()[pri:17, instance:Amity.Online2.Module2_FunctionalTesting@7bbc8656]" started-at="2024-10-15T00:49:15 IST" name="MCAwithspecializationinMLandAl" finished-at="2024-10-15T00:49:20 IST" duration-ms="5388" status="PASS">
          <reporter-output>
          </reporter-output>
        </test-method> <!-- MCAwithspecializationinMLandAl -->
        <test-method is-config="true" signature="CloseBrowser(org.testng.ITestResult)[pri:0, instance:Amity.Online2.Module2_FunctionalTesting@7bbc8656]" started-at="2024-10-15T00:49:20 IST" name="CloseBrowser" finished-at="2024-10-15T00:49:20 IST" duration-ms="291" status="PASS">
          <params>
            <param index="0">
              <value>
                <![CDATA[[TestResult name=MCAwithspecializationinMLandAl status=SUCCESS method=Module2_FunctionalTesting.MCAwithspecializationinMLandAl()[pri:17, instance:Amity.Online2.Module2_FunctionalTesting@7bbc8656] output={null}]]]>
              </value>
            </param>
          </params>
          <reporter-output>
          </reporter-output>
        </test-method> <!-- CloseBrowser -->
        <test-method is-config="true" signature="LaunchBrowser()[pri:0, instance:Amity.Online2.Module2_FunctionalTesting@7bbc8656]" started-at="2024-10-15T00:49:20 IST" name="LaunchBrowser" finished-at="2024-10-15T00:49:22 IST" duration-ms="1976" status="PASS">
          <reporter-output>
          </reporter-output>
        </test-method> <!-- LaunchBrowser -->
        <test-method signature="MCAwithspecializationinMachineLearning()[pri:18, instance:Amity.Online2.Module2_FunctionalTesting@7bbc8656]" started-at="2024-10-15T00:49:22 IST" name="MCAwithspecializationinMachineLearning" finished-at="2024-10-15T00:49:26 IST" duration-ms="3796" status="PASS">
          <reporter-output>
          </reporter-output>
        </test-method> <!-- MCAwithspecializationinMachineLearning -->
        <test-method is-config="true" signature="CloseBrowser(org.testng.ITestResult)[pri:0, instance:Amity.Online2.Module2_FunctionalTesting@7bbc8656]" started-at="2024-10-15T00:49:26 IST" name="CloseBrowser" finished-at="2024-10-15T00:49:26 IST" duration-ms="191" status="PASS">
          <params>
            <param index="0">
              <value>
                <![CDATA[[TestResult name=MCAwithspecializationinMachineLearning status=SUCCESS method=Module2_FunctionalTesting.MCAwithspecializationinMachineLearning()[pri:18, instance:Amity.Online2.Module2_FunctionalTesting@7bbc8656] output={null}]]]>
              </value>
            </param>
          </params>
          <reporter-output>
          </reporter-output>
        </test-method> <!-- CloseBrowser -->
        <test-method is-config="true" signature="LaunchBrowser()[pri:0, instance:Amity.Online2.Module2_FunctionalTesting@7bbc8656]" started-at="2024-10-15T00:49:26 IST" name="LaunchBrowser" finished-at="2024-10-15T00:49:33 IST" duration-ms="7266" status="PASS">
          <reporter-output>
          </reporter-output>
        </test-method> <!-- LaunchBrowser -->
        <test-method signature="MCAwithspecializationinARandVR()[pri:19, instance:Amity.Online2.Module2_FunctionalTesting@7bbc8656]" started-at="2024-10-15T00:49:33 IST" name="MCAwithspecializationinARandVR" finished-at="2024-10-15T00:49:39 IST" duration-ms="5953" status="PASS">
          <reporter-output>
          </reporter-output>
        </test-method> <!-- MCAwithspecializationinARandVR -->
        <test-method is-config="true" signature="CloseBrowser(org.testng.ITestResult)[pri:0, instance:Amity.Online2.Module2_FunctionalTesting@7bbc8656]" started-at="2024-10-15T00:49:39 IST" name="CloseBrowser" finished-at="2024-10-15T00:49:40 IST" duration-ms="302" status="PASS">
          <params>
            <param index="0">
              <value>
                <![CDATA[[TestResult name=MCAwithspecializationinARandVR status=SUCCESS method=Module2_FunctionalTesting.MCAwithspecializationinARandVR()[pri:19, instance:Amity.Online2.Module2_FunctionalTesting@7bbc8656] output={null}]]]>
              </value>
            </param>
          </params>
          <reporter-output>
          </reporter-output>
        </test-method> <!-- CloseBrowser -->
        <test-method is-config="true" signature="LaunchBrowser()[pri:0, instance:Amity.Online2.Module2_FunctionalTesting@7bbc8656]" started-at="2024-10-15T00:49:40 IST" name="LaunchBrowser" finished-at="2024-10-15T00:49:46 IST" duration-ms="6015" status="PASS">
          <reporter-output>
          </reporter-output>
        </test-method> <!-- LaunchBrowser -->
        <test-method signature="MasterofBusinessAdministration()[pri:20, instance:Amity.Online2.Module2_FunctionalTesting@7bbc8656]" started-at="2024-10-15T00:49:46 IST" name="MasterofBusinessAdministration" finished-at="2024-10-15T00:49:51 IST" duration-ms="4823" status="PASS">
          <reporter-output>
          </reporter-output>
        </test-method> <!-- MasterofBusinessAdministration -->
        <test-method is-config="true" signature="CloseBrowser(org.testng.ITestResult)[pri:0, instance:Amity.Online2.Module2_FunctionalTesting@7bbc8656]" started-at="2024-10-15T00:49:51 IST" name="CloseBrowser" finished-at="2024-10-15T00:49:51 IST" duration-ms="256" status="PASS">
          <params>
            <param index="0">
              <value>
                <![CDATA[[TestResult name=MasterofBusinessAdministration status=SUCCESS method=Module2_FunctionalTesting.MasterofBusinessAdministration()[pri:20, instance:Amity.Online2.Module2_FunctionalTesting@7bbc8656] output={null}]]]>
              </value>
            </param>
          </params>
          <reporter-output>
          </reporter-output>
        </test-method> <!-- CloseBrowser -->
        <test-method is-config="true" signature="LaunchBrowser()[pri:0, instance:Amity.Online2.Module2_FunctionalTesting@7bbc8656]" started-at="2024-10-15T00:49:51 IST" name="LaunchBrowser" finished-at="2024-10-15T00:49:56 IST" duration-ms="5210" status="PASS">
          <reporter-output>
          </reporter-output>
        </test-method> <!-- LaunchBrowser -->
        <test-method signature="MBAwithspecializationinDigitalMarketingManagement()[pri:21, instance:Amity.Online2.Module2_FunctionalTesting@7bbc8656]" started-at="2024-10-15T00:49:56 IST" name="MBAwithspecializationinDigitalMarketingManagement" finished-at="2024-10-15T00:50:01 IST" duration-ms="5287" status="PASS">
          <reporter-output>
          </reporter-output>
        </test-method> <!-- MBAwithspecializationinDigitalMarketingManagement -->
        <test-method is-config="true" signature="CloseBrowser(org.testng.ITestResult)[pri:0, instance:Amity.Online2.Module2_FunctionalTesting@7bbc8656]" started-at="2024-10-15T00:50:01 IST" name="CloseBrowser" finished-at="2024-10-15T00:50:02 IST" duration-ms="244" status="PASS">
          <params>
            <param index="0">
              <value>
                <![CDATA[[TestResult name=MBAwithspecializationinDigitalMarketingManagement status=SUCCESS method=Module2_FunctionalTesting.MBAwithspecializationinDigitalMarketingManagement()[pri:21, instance:Amity.Online2.Module2_FunctionalTesting@7bbc8656] output={null}]]]>
              </value>
            </param>
          </params>
          <reporter-output>
          </reporter-output>
        </test-method> <!-- CloseBrowser -->
        <test-method is-config="true" signature="LaunchBrowser()[pri:0, instance:Amity.Online2.Module2_FunctionalTesting@7bbc8656]" started-at="2024-10-15T00:50:02 IST" name="LaunchBrowser" finished-at="2024-10-15T00:50:04 IST" duration-ms="2465" status="PASS">
          <reporter-output>
          </reporter-output>
        </test-method> <!-- LaunchBrowser -->
        <test-method signature="MBAwithspecializationinHRAnalytics()[pri:22, instance:Amity.Online2.Module2_FunctionalTesting@7bbc8656]" started-at="2024-10-15T00:50:04 IST" name="MBAwithspecializationinHRAnalytics" finished-at="2024-10-15T00:50:11 IST" duration-ms="7251" status="PASS">
          <reporter-output>
          </reporter-output>
        </test-method> <!-- MBAwithspecializationinHRAnalytics -->
        <test-method is-config="true" signature="CloseBrowser(org.testng.ITestResult)[pri:0, instance:Amity.Online2.Module2_FunctionalTesting@7bbc8656]" started-at="2024-10-15T00:50:11 IST" name="CloseBrowser" finished-at="2024-10-15T00:50:11 IST" duration-ms="195" status="PASS">
          <params>
            <param index="0">
              <value>
                <![CDATA[[TestResult name=MBAwithspecializationinHRAnalytics status=SUCCESS method=Module2_FunctionalTesting.MBAwithspecializationinHRAnalytics()[pri:22, instance:Amity.Online2.Module2_FunctionalTesting@7bbc8656] output={null}]]]>
              </value>
            </param>
          </params>
          <reporter-output>
          </reporter-output>
        </test-method> <!-- CloseBrowser -->
        <test-method is-config="true" signature="LaunchBrowser()[pri:0, instance:Amity.Online2.Module2_FunctionalTesting@7bbc8656]" started-at="2024-10-15T00:50:11 IST" name="LaunchBrowser" finished-at="2024-10-15T00:50:14 IST" duration-ms="2613" status="PASS">
          <reporter-output>
          </reporter-output>
        </test-method> <!-- LaunchBrowser -->
        <test-method signature="MBAwithspecializationinDataScience()[pri:23, instance:Amity.Online2.Module2_FunctionalTesting@7bbc8656]" started-at="2024-10-15T00:50:14 IST" name="MBAwithspecializationinDataScience" finished-at="2024-10-15T00:50:21 IST" duration-ms="7287" status="PASS">
          <reporter-output>
          </reporter-output>
        </test-method> <!-- MBAwithspecializationinDataScience -->
        <test-method is-config="true" signature="CloseBrowser(org.testng.ITestResult)[pri:0, instance:Amity.Online2.Module2_FunctionalTesting@7bbc8656]" started-at="2024-10-15T00:50:21 IST" name="CloseBrowser" finished-at="2024-10-15T00:50:22 IST" duration-ms="983" status="PASS">
          <params>
            <param index="0">
              <value>
                <![CDATA[[TestResult name=MBAwithspecializationinDataScience status=SUCCESS method=Module2_FunctionalTesting.MBAwithspecializationinDataScience()[pri:23, instance:Amity.Online2.Module2_FunctionalTesting@7bbc8656] output={null}]]]>
              </value>
            </param>
          </params>
          <reporter-output>
          </reporter-output>
        </test-method> <!-- CloseBrowser -->
        <test-method is-config="true" signature="LaunchBrowser()[pri:0, instance:Amity.Online2.Module2_FunctionalTesting@7bbc8656]" started-at="2024-10-15T00:50:22 IST" name="LaunchBrowser" finished-at="2024-10-15T00:50:30 IST" duration-ms="7313" status="PASS">
          <reporter-output>
          </reporter-output>
        </test-method> <!-- LaunchBrowser -->
        <test-method signature="MBAwithspecializationinBusinessAnalytics()[pri:24, instance:Amity.Online2.Module2_FunctionalTesting@7bbc8656]" started-at="2024-10-15T00:50:30 IST" name="MBAwithspecializationinBusinessAnalytics" finished-at="2024-10-15T00:50:34 IST" duration-ms="4523" status="PASS">
          <reporter-output>
          </reporter-output>
        </test-method> <!-- MBAwithspecializationinBusinessAnalytics -->
        <test-method is-config="true" signature="CloseBrowser(org.testng.ITestResult)[pri:0, instance:Amity.Online2.Module2_FunctionalTesting@7bbc8656]" started-at="2024-10-15T00:50:34 IST" name="CloseBrowser" finished-at="2024-10-15T00:50:34 IST" duration-ms="255" status="PASS">
          <params>
            <param index="0">
              <value>
                <![CDATA[[TestResult name=MBAwithspecializationinBusinessAnalytics status=SUCCESS method=Module2_FunctionalTesting.MBAwithspecializationinBusinessAnalytics()[pri:24, instance:Amity.Online2.Module2_FunctionalTesting@7bbc8656] output={null}]]]>
              </value>
            </param>
          </params>
          <reporter-output>
          </reporter-output>
        </test-method> <!-- CloseBrowser -->
        <test-method is-config="true" signature="LaunchBrowser()[pri:0, instance:Amity.Online2.Module2_FunctionalTesting@7bbc8656]" started-at="2024-10-15T00:50:34 IST" name="LaunchBrowser" finished-at="2024-10-15T00:50:37 IST" duration-ms="2431" status="PASS">
          <reporter-output>
          </reporter-output>
        </test-method> <!-- LaunchBrowser -->
        <test-method signature="MBAwithspecializationinDigitalEntrepreneurship()[pri:25, instance:Amity.Online2.Module2_FunctionalTesting@7bbc8656]" started-at="2024-10-15T00:50:37 IST" name="MBAwithspecializationinDigitalEntrepreneurship" finished-at="2024-10-15T00:50:44 IST" duration-ms="7120" status="PASS">
          <reporter-output>
          </reporter-output>
        </test-method> <!-- MBAwithspecializationinDigitalEntrepreneurship -->
        <test-method is-config="true" signature="CloseBrowser(org.testng.ITestResult)[pri:0, instance:Amity.Online2.Module2_FunctionalTesting@7bbc8656]" started-at="2024-10-15T00:50:44 IST" name="CloseBrowser" finished-at="2024-10-15T00:50:44 IST" duration-ms="352" status="PASS">
          <params>
            <param index="0">
              <value>
                <![CDATA[[TestResult name=MBAwithspecializationinDigitalEntrepreneurship status=SUCCESS method=Module2_FunctionalTesting.MBAwithspecializationinDigitalEntrepreneurship()[pri:25, instance:Amity.Online2.Module2_FunctionalTesting@7bbc8656] output={null}]]]>
              </value>
            </param>
          </params>
          <reporter-output>
          </reporter-output>
        </test-method> <!-- CloseBrowser -->
        <test-method is-config="true" signature="LaunchBrowser()[pri:0, instance:Amity.Online2.Module2_FunctionalTesting@7bbc8656]" started-at="2024-10-15T00:50:44 IST" name="LaunchBrowser" finished-at="2024-10-15T00:50:50 IST" duration-ms="5998" status="PASS">
          <reporter-output>
          </reporter-output>
        </test-method> <!-- LaunchBrowser -->
        <test-method signature="MasterofArtsJournalismandMasscommunication()[pri:26, instance:Amity.Online2.Module2_FunctionalTesting@7bbc8656]" started-at="2024-10-15T00:50:50 IST" name="MasterofArtsJournalismandMasscommunication" finished-at="2024-10-15T00:50:56 IST" duration-ms="5433" status="PASS">
          <reporter-output>
          </reporter-output>
        </test-method> <!-- MasterofArtsJournalismandMasscommunication -->
        <test-method is-config="true" signature="CloseBrowser(org.testng.ITestResult)[pri:0, instance:Amity.Online2.Module2_FunctionalTesting@7bbc8656]" started-at="2024-10-15T00:50:56 IST" name="CloseBrowser" finished-at="2024-10-15T00:50:56 IST" duration-ms="379" status="PASS">
          <params>
            <param index="0">
              <value>
                <![CDATA[[TestResult name=MasterofArtsJournalismandMasscommunication status=SUCCESS method=Module2_FunctionalTesting.MasterofArtsJournalismandMasscommunication()[pri:26, instance:Amity.Online2.Module2_FunctionalTesting@7bbc8656] output={null}]]]>
              </value>
            </param>
          </params>
          <reporter-output>
          </reporter-output>
        </test-method> <!-- CloseBrowser -->
        <test-method is-config="true" signature="LaunchBrowser()[pri:0, instance:Amity.Online2.Module2_FunctionalTesting@7bbc8656]" started-at="2024-10-15T00:50:56 IST" name="LaunchBrowser" finished-at="2024-10-15T00:50:59 IST" duration-ms="2798" status="PASS">
          <reporter-output>
          </reporter-output>
        </test-method> <!-- LaunchBrowser -->
        <test-method signature="MComwithspecializationinFintech()[pri:27, instance:Amity.Online2.Module2_FunctionalTesting@7bbc8656]" started-at="2024-10-15T00:50:59 IST" name="MComwithspecializationinFintech" finished-at="2024-10-15T00:51:06 IST" duration-ms="6869" status="PASS">
          <reporter-output>
          </reporter-output>
        </test-method> <!-- MComwithspecializationinFintech -->
        <test-method is-config="true" signature="CloseBrowser(org.testng.ITestResult)[pri:0, instance:Amity.Online2.Module2_FunctionalTesting@7bbc8656]" started-at="2024-10-15T00:51:06 IST" name="CloseBrowser" finished-at="2024-10-15T00:51:06 IST" duration-ms="256" status="PASS">
          <params>
            <param index="0">
              <value>
                <![CDATA[[TestResult name=MComwithspecializationinFintech status=SUCCESS method=Module2_FunctionalTesting.MComwithspecializationinFintech()[pri:27, instance:Amity.Online2.Module2_FunctionalTesting@7bbc8656] output={null}]]]>
              </value>
            </param>
          </params>
          <reporter-output>
          </reporter-output>
        </test-method> <!-- CloseBrowser -->
        <test-method is-config="true" signature="LaunchBrowser()[pri:0, instance:Amity.Online2.Module2_FunctionalTesting@7bbc8656]" started-at="2024-10-15T00:51:06 IST" name="LaunchBrowser" finished-at="2024-10-15T00:51:12 IST" duration-ms="5778" status="PASS">
          <reporter-output>
          </reporter-output>
        </test-method> <!-- LaunchBrowser -->
        <test-method signature="MComwithspecializationinFinancialManagement()[pri:28, instance:Amity.Online2.Module2_FunctionalTesting@7bbc8656]" started-at="2024-10-15T00:51:12 IST" name="MComwithspecializationinFinancialManagement" finished-at="2024-10-15T00:51:20 IST" duration-ms="7997" status="PASS">
          <reporter-output>
          </reporter-output>
        </test-method> <!-- MComwithspecializationinFinancialManagement -->
        <test-method is-config="true" signature="CloseBrowser(org.testng.ITestResult)[pri:0, instance:Amity.Online2.Module2_FunctionalTesting@7bbc8656]" started-at="2024-10-15T00:51:20 IST" name="CloseBrowser" finished-at="2024-10-15T00:51:20 IST" duration-ms="317" status="PASS">
          <params>
            <param index="0">
              <value>
                <![CDATA[[TestResult name=MComwithspecializationinFinancialManagement status=SUCCESS method=Module2_FunctionalTesting.MComwithspecializationinFinancialManagement()[pri:28, instance:Amity.Online2.Module2_FunctionalTesting@7bbc8656] output={null}]]]>
              </value>
            </param>
          </params>
          <reporter-output>
          </reporter-output>
        </test-method> <!-- CloseBrowser -->
        <test-method is-config="true" signature="LaunchBrowser()[pri:0, instance:Amity.Online2.Module2_FunctionalTesting@7bbc8656]" started-at="2024-10-15T00:51:20 IST" name="LaunchBrowser" finished-at="2024-10-15T00:51:26 IST" duration-ms="6164" status="PASS">
          <reporter-output>
          </reporter-output>
        </test-method> <!-- LaunchBrowser -->
        <test-method signature="MasterofArtsinPublicPolicyandGovernance()[pri:29, instance:Amity.Online2.Module2_FunctionalTesting@7bbc8656]" started-at="2024-10-15T00:51:26 IST" name="MasterofArtsinPublicPolicyandGovernance" finished-at="2024-10-15T00:51:32 IST" duration-ms="5352" status="PASS">
          <reporter-output>
          </reporter-output>
        </test-method> <!-- MasterofArtsinPublicPolicyandGovernance -->
        <test-method is-config="true" signature="CloseBrowser(org.testng.ITestResult)[pri:0, instance:Amity.Online2.Module2_FunctionalTesting@7bbc8656]" started-at="2024-10-15T00:51:32 IST" name="CloseBrowser" finished-at="2024-10-15T00:51:32 IST" duration-ms="445" status="PASS">
          <params>
            <param index="0">
              <value>
                <![CDATA[[TestResult name=MasterofArtsinPublicPolicyandGovernance status=SUCCESS method=Module2_FunctionalTesting.MasterofArtsinPublicPolicyandGovernance()[pri:29, instance:Amity.Online2.Module2_FunctionalTesting@7bbc8656] output={null}]]]>
              </value>
            </param>
          </params>
          <reporter-output>
          </reporter-output>
        </test-method> <!-- CloseBrowser -->
        <test-method is-config="true" signature="LaunchBrowser()[pri:0, instance:Amity.Online2.Module2_FunctionalTesting@7bbc8656]" started-at="2024-10-15T00:51:32 IST" name="LaunchBrowser" finished-at="2024-10-15T00:51:40 IST" duration-ms="7818" status="PASS">
          <reporter-output>
          </reporter-output>
        </test-method> <!-- LaunchBrowser -->
        <test-method signature="MasterofArtsinPsychology()[pri:30, instance:Amity.Online2.Module2_FunctionalTesting@7bbc8656]" started-at="2024-10-15T00:51:40 IST" name="MasterofArtsinPsychology" finished-at="2024-10-15T00:51:45 IST" duration-ms="5362" status="PASS">
          <reporter-output>
          </reporter-output>
        </test-method> <!-- MasterofArtsinPsychology -->
        <test-method is-config="true" signature="CloseBrowser(org.testng.ITestResult)[pri:0, instance:Amity.Online2.Module2_FunctionalTesting@7bbc8656]" started-at="2024-10-15T00:51:45 IST" name="CloseBrowser" finished-at="2024-10-15T00:51:46 IST" duration-ms="271" status="PASS">
          <params>
            <param index="0">
              <value>
                <![CDATA[[TestResult name=MasterofArtsinPsychology status=SUCCESS method=Module2_FunctionalTesting.MasterofArtsinPsychology()[pri:30, instance:Amity.Online2.Module2_FunctionalTesting@7bbc8656] output={null}]]]>
              </value>
            </param>
          </params>
          <reporter-output>
          </reporter-output>
        </test-method> <!-- CloseBrowser -->
        <test-method is-config="true" signature="LaunchBrowser()[pri:0, instance:Amity.Online2.Module2_FunctionalTesting@7bbc8656]" started-at="2024-10-15T00:51:46 IST" name="LaunchBrowser" finished-at="2024-10-15T00:51:48 IST" duration-ms="2416" status="PASS">
          <reporter-output>
          </reporter-output>
        </test-method> <!-- LaunchBrowser -->
        <test-method signature="MasterofScienceinDataScience()[pri:31, instance:Amity.Online2.Module2_FunctionalTesting@7bbc8656]" started-at="2024-10-15T00:51:48 IST" name="MasterofScienceinDataScience" finished-at="2024-10-15T00:51:57 IST" duration-ms="8560" status="PASS">
          <reporter-output>
          </reporter-output>
        </test-method> <!-- MasterofScienceinDataScience -->
        <test-method is-config="true" signature="CloseBrowser(org.testng.ITestResult)[pri:0, instance:Amity.Online2.Module2_FunctionalTesting@7bbc8656]" started-at="2024-10-15T00:51:57 IST" name="CloseBrowser" finished-at="2024-10-15T00:51:57 IST" duration-ms="259" status="PASS">
          <params>
            <param index="0">
              <value>
                <![CDATA[[TestResult name=MasterofScienceinDataScience status=SUCCESS method=Module2_FunctionalTesting.MasterofScienceinDataScience()[pri:31, instance:Amity.Online2.Module2_FunctionalTesting@7bbc8656] output={null}]]]>
              </value>
            </param>
          </params>
          <reporter-output>
          </reporter-output>
        </test-method> <!-- CloseBrowser -->
        <test-method is-config="true" signature="LaunchBrowser()[pri:0, instance:Amity.Online2.Module2_FunctionalTesting@7bbc8656]" started-at="2024-10-15T00:51:57 IST" name="LaunchBrowser" finished-at="2024-10-15T00:51:59 IST" duration-ms="2161" status="PASS">
          <reporter-output>
          </reporter-output>
        </test-method> <!-- LaunchBrowser -->
        <test-method signature="PrintprogramsList()[pri:32, instance:Amity.Online2.Module2_FunctionalTesting@7bbc8656]" started-at="2024-10-15T00:51:59 IST" name="PrintprogramsList" finished-at="2024-10-15T00:52:06 IST" duration-ms="6530" status="PASS">
          <reporter-output>
          </reporter-output>
        </test-method> <!-- PrintprogramsList -->
        <test-method is-config="true" signature="CloseBrowser(org.testng.ITestResult)[pri:0, instance:Amity.Online2.Module2_FunctionalTesting@7bbc8656]" started-at="2024-10-15T00:52:06 IST" name="CloseBrowser" finished-at="2024-10-15T00:52:06 IST" duration-ms="262" status="PASS">
          <params>
            <param index="0">
              <value>
                <![CDATA[[TestResult name=PrintprogramsList status=SUCCESS method=Module2_FunctionalTesting.PrintprogramsList()[pri:32, instance:Amity.Online2.Module2_FunctionalTesting@7bbc8656] output={null}]]]>
              </value>
            </param>
          </params>
          <reporter-output>
          </reporter-output>
        </test-method> <!-- CloseBrowser -->
        <test-method is-config="true" signature="CloseReport()[pri:0, instance:Amity.Online2.Module2_FunctionalTesting@7bbc8656]" started-at="2024-10-15T00:52:06 IST" name="CloseReport" finished-at="2024-10-15T00:52:06 IST" duration-ms="305" status="PASS">
          <reporter-output>
          </reporter-output>
        </test-method> <!-- CloseReport -->
      </class> <!-- Amity.Online2.Module2_FunctionalTesting -->
    </test> <!-- Default test -->
  </suite> <!-- Default suite -->
</testng-results>
